<?xml version="1.0" encoding="UTF-8"?>
<!-- Generated by org.testng.reporters.JUnitReportReporter -->
<testsuite hostname="LAPTOP-EI6TKCK5" failures="0" tests="2" name="tests.Logintest" time="57.193" errors="0" timestamp="2022-03-09T18:10:42 IST" skipped="0">
  <testcase classname="tests.Logintest" name="login" time="24.385"/>
  <system-out/>
  <testcase classname="tests.Logintest" name="login" time="32.808"/>
  <system-out/>
</testsuite> <!-- tests.Logintest -->
