<?xml version="1.0" encoding="UTF-8"?>
<!-- Generated by org.testng.reporters.JUnitReportReporter -->
<testsuite hostname="LAPTOP-EI6TKCK5" failures="0" tests="1" name="runner.Runner" time="25.676" errors="0" timestamp="2022-03-09T19:42:15 IST" skipped="0">
  <testcase classname="runner.Runner" name="runScenario" time="25.676"/>
  <system-out/>
</testsuite> <!-- runner.Runner -->
